[debug] [2022-05-30T10:24:01.674Z] ----------------------------------------------------------------------
[debug] [2022-05-30T10:24:01.675Z] Command:       /usr/local/bin/node /usr/local/bin/firebase deploy
[debug] [2022-05-30T10:24:01.675Z] CLI Version:   10.9.0
[debug] [2022-05-30T10:24:01.675Z] Platform:      linux
[debug] [2022-05-30T10:24:01.676Z] Node Version:  v17.9.0
[debug] [2022-05-30T10:24:01.676Z] Time:          Mon May 30 2022 16:24:01 GMT+0600 (Bangladesh Standard Time)
[debug] [2022-05-30T10:24:01.676Z] ----------------------------------------------------------------------
[debug] 
[debug] [2022-05-30T10:24:01.726Z] > command requires scopes: ["email","openid","https://www.googleapis.com/auth/cloudplatformprojects.readonly","https://www.googleapis.com/auth/firebase","https://www.googleapis.com/auth/cloud-platform"]
[debug] [2022-05-30T10:24:01.726Z] > authorizing via signed-in user (shohayabhasan@yahoo.com)
[debug] [2022-05-30T10:24:01.726Z] [iam] checking project thecomputerhaven-d1d1e for permissions ["firebase.projects.get","firebasehosting.sites.update"]
[debug] [2022-05-30T10:24:01.728Z] >>> [apiv2][query] POST https://cloudresourcemanager.googleapis.com/v1/projects/thecomputerhaven-d1d1e:testIamPermissions [none]
[debug] [2022-05-30T10:24:01.728Z] >>> [apiv2][body] POST https://cloudresourcemanager.googleapis.com/v1/projects/thecomputerhaven-d1d1e:testIamPermissions {"permissions":["firebase.projects.get","firebasehosting.sites.update"]}
[debug] [2022-05-30T10:24:05.573Z] <<< [apiv2][status] POST https://cloudresourcemanager.googleapis.com/v1/projects/thecomputerhaven-d1d1e:testIamPermissions 200
[debug] [2022-05-30T10:24:05.574Z] <<< [apiv2][body] POST https://cloudresourcemanager.googleapis.com/v1/projects/thecomputerhaven-d1d1e:testIamPermissions {"permissions":["firebase.projects.get","firebasehosting.sites.update"]}
[debug] [2022-05-30T10:24:05.577Z] >>> [apiv2][query] GET https://firebase.googleapis.com/v1beta1/projects/thecomputerhaven-d1d1e [none]
[debug] [2022-05-30T10:24:14.360Z] <<< [apiv2][status] GET https://firebase.googleapis.com/v1beta1/projects/thecomputerhaven-d1d1e 200
[debug] [2022-05-30T10:24:14.361Z] <<< [apiv2][body] GET https://firebase.googleapis.com/v1beta1/projects/thecomputerhaven-d1d1e {"projectId":"thecomputerhaven-d1d1e","projectNumber":"761804507450","displayName":"TheComputerHaven","name":"projects/thecomputerhaven-d1d1e","resources":{"hostingSite":"thecomputerhaven-d1d1e"},"state":"ACTIVE"}
[info] 
[info] === Deploying to 'thecomputerhaven-d1d1e'...
[info] 
[info] i  deploying hosting 
[debug] [2022-05-30T10:24:14.365Z] >>> [apiv2][query] GET https://firebase.googleapis.com/v1beta1/projects/thecomputerhaven-d1d1e [none]
[debug] [2022-05-30T10:24:17.291Z] <<< [apiv2][status] GET https://firebase.googleapis.com/v1beta1/projects/thecomputerhaven-d1d1e 200
[debug] [2022-05-30T10:24:17.291Z] <<< [apiv2][body] GET https://firebase.googleapis.com/v1beta1/projects/thecomputerhaven-d1d1e {"projectId":"thecomputerhaven-d1d1e","projectNumber":"761804507450","displayName":"TheComputerHaven","name":"projects/thecomputerhaven-d1d1e","resources":{"hostingSite":"thecomputerhaven-d1d1e"},"state":"ACTIVE"}
[debug] [2022-05-30T10:24:17.295Z] >>> [apiv2][query] POST https://firebasehosting.googleapis.com/v1beta1/projects/761804507450/sites/thecomputerhaven-d1d1e/versions [none]
[debug] [2022-05-30T10:24:17.295Z] >>> [apiv2][body] POST https://firebasehosting.googleapis.com/v1beta1/projects/761804507450/sites/thecomputerhaven-d1d1e/versions {"config":{"rewrites":[{"glob":"**","path":"/index.html"}]},"labels":{"deployment-tool":"cli-firebase"}}
[debug] [2022-05-30T10:24:23.576Z] <<< [apiv2][status] POST https://firebasehosting.googleapis.com/v1beta1/projects/761804507450/sites/thecomputerhaven-d1d1e/versions 200
[debug] [2022-05-30T10:24:23.577Z] <<< [apiv2][body] POST https://firebasehosting.googleapis.com/v1beta1/projects/761804507450/sites/thecomputerhaven-d1d1e/versions {"name":"projects/761804507450/sites/thecomputerhaven-d1d1e/versions/0e4d29f7a9e6acac","status":"CREATED","config":{"rewrites":[{"glob":"**","path":"/index.html"}]},"labels":{"deployment-tool":"cli-firebase"}}
[info] i  hosting[thecomputerhaven-d1d1e]: beginning deploy... 
[info] i  hosting[thecomputerhaven-d1d1e]: found 18 files in build 
[debug] [2022-05-30T10:24:23.592Z] [hosting] uploading with 200 concurrency
[debug] [2022-05-30T10:24:23.600Z] [hosting] hash cache [YnVpbGQ] stored for 18 files
[debug] [2022-05-30T10:24:23.601Z] [hosting][hash queue][FINAL] {"max":3,"min":0,"avg":0,"active":0,"complete":18,"success":18,"errored":0,"retried":0,"total":18,"elapsed":6}
[debug] [2022-05-30T10:24:23.601Z] >>> [apiv2][query] POST https://firebasehosting.googleapis.com/v1beta1/projects/761804507450/sites/thecomputerhaven-d1d1e/versions/0e4d29f7a9e6acac:populateFiles [none]
[debug] [2022-05-30T10:24:23.601Z] >>> [apiv2][body] POST https://firebasehosting.googleapis.com/v1beta1/projects/761804507450/sites/thecomputerhaven-d1d1e/versions/0e4d29f7a9e6acac:populateFiles {"files":{"/asset-manifest.json":"017dfbeb0498420a53df22c261609956ebbb93ae231340b8e55c2bb0f2b260ba","/favicon.ico":"c599b7a91ab3627e3538125d9f40adc2d4bf949046984262670545dc7738af06","/index.html":"47b59e10c6641e78978dcfc8d616cb2f23c1eba8c5b5ec1905aa15a0611fe42a","/logo192.png":"76c449ccb9cd117c2f2338f091b18f7050f3210e249b2228f5c81b23f34377cd","/logo512.png":"7779210d56c1f3741e2e487799fe3092def4fa6ac450a60532b807c3a8971205","/manifest.json":"0958a5e0c831126100c8c2d06a6bbaa665a3900f21aaff4130238a6f5a113aa1","/robots.txt":"2544ca049f223a42bff01f72ad930a5edba75bbb7199d0f8430a02ff5aca16ec","/static/css/main.f1366380.css":"1bc1d667910ae5fb440e86c1eda153efcf75d90218dacb019fb57fc0bd526897","/static/css/main.f1366380.css.map":"e069841f8cc90c5cacf725d655e57ec4e6162764ac2c960f3d299c7b85d68a3e","/static/js/787.b827dc5b.chunk.js":"5c00ef0a66cf35762d3b037c2a64177ab3174fff50398a702565f61024d3cde5","/static/js/787.b827dc5b.chunk.js.map":"4410e7426c52d17df0a0fbf248fdb0d2adabcebd705bef2f1e2e989d58bad8ac","/static/js/main.f5f5925e.js":"d841448ca82e38abf26902b77b5b62c202804fd344c4139f6e2de27a658245dd","/static/js/main.f5f5925e.js.LICENSE.txt":"9105e2345c9b1279a1cdd368ec6937f3b922a9f55260184bc8e5fce316592dbb","/static/js/main.f5f5925e.js.map":"ede5196e3923e7ea1a63dde64c3f95c04386363f054a66a1e099c1a32f32f98b","/static/media/slick.2630a3e3eab21c607e21.svg":"e833374a2a7c50bc853e5ffc3f5cd629c072f85139c161f4c9cde24d779a3f20","/static/media/slick.295183786cd8a1389865.woff":"94d6b06620e204c7c7a163b806f382b7e784dfe120067484b447526b7c009189","/static/media/slick.a4e97f5a2a64f0ab1323.eot":"f71b3a7853f380177ec1dd20ad834a587f5bd2f7829c9a97740e71774b62c18d","/static/media/slick.c94f7671dcc99dce43e2.ttf":"df6ad11dd9bda822068ae06cb98a89c5fb2a2467c88d98238e5c685af55ac10e"}}
[debug] [2022-05-30T10:24:29.581Z] <<< [apiv2][status] POST https://firebasehosting.googleapis.com/v1beta1/projects/761804507450/sites/thecomputerhaven-d1d1e/versions/0e4d29f7a9e6acac:populateFiles 200
[debug] [2022-05-30T10:24:29.581Z] <<< [apiv2][body] POST https://firebasehosting.googleapis.com/v1beta1/projects/761804507450/sites/thecomputerhaven-d1d1e/versions/0e4d29f7a9e6acac:populateFiles {"uploadRequiredHashes":["ede5196e3923e7ea1a63dde64c3f95c04386363f054a66a1e099c1a32f32f98b"],"uploadUrl":"https://upload-firebasehosting.googleapis.com/upload/sites/thecomputerhaven-d1d1e/versions/0e4d29f7a9e6acac/files"}
[debug] [2022-05-30T10:24:29.583Z] >>> [apiv2][query] POST https://upload-firebasehosting.googleapis.com/upload/sites/thecomputerhaven-d1d1e/versions/0e4d29f7a9e6acac/files/ede5196e3923e7ea1a63dde64c3f95c04386363f054a66a1e099c1a32f32f98b [none]
[debug] [2022-05-30T10:24:29.584Z] >>> [apiv2][body] POST https://upload-firebasehosting.googleapis.com/upload/sites/thecomputerhaven-d1d1e/versions/0e4d29f7a9e6acac/files/ede5196e3923e7ea1a63dde64c3f95c04386363f054a66a1e099c1a32f32f98b [stream]
[debug] [2022-05-30T10:24:29.587Z] [hosting][populate queue][FINAL] {"max":5984,"min":5984,"avg":5984,"active":0,"complete":1,"success":1,"errored":0,"retried":0,"total":1,"elapsed":5988}
[debug] [2022-05-30T10:24:29.588Z] [hosting] uploads queued: 1
